0 info it worked if it ends with ok
1 verbose cli [ 'e:\\Desktop\\Dev\\Web\\Tools\\NodeJS\\node.exe',
1 verbose cli   'e:\\Desktop\\Dev\\Web\\Tools\\NodeJS\\node_modules\\npm\\bin\\npm-cli.js',
1 verbose cli   'install',
1 verbose cli   'sleep' ]
2 info using npm@2.7.4
3 info using node@v0.12.2
4 silly cache add args [ 'sleep', null ]
5 verbose cache add spec sleep
6 silly cache add parsed spec { raw: 'sleep',
6 silly cache add   scope: null,
6 silly cache add   name: 'sleep',
6 silly cache add   rawSpec: '',
6 silly cache add   spec: '*',
6 silly cache add   type: 'range' }
7 verbose addNamed sleep@*
8 silly addNamed semver.valid null
9 silly addNamed semver.validRange *
10 silly addNameRange { name: 'sleep', range: '*', hasData: false }
11 silly mapToRegistry name sleep
12 silly mapToRegistry using default registry
13 silly mapToRegistry registry https://registry.npmjs.org/
14 silly mapToRegistry uri https://registry.npmjs.org/sleep
15 verbose addNameRange registry:https://registry.npmjs.org/sleep not in flight; fetching
16 verbose request uri https://registry.npmjs.org/sleep
17 verbose request no auth needed
18 info attempt registry request try #1 at 15:28:41
19 verbose request id 96dc934a3b74f017
20 verbose etag "8CHWCM8WTGDTT20DRUI12JGGO"
21 http request GET https://registry.npmjs.org/sleep
22 http 304 https://registry.npmjs.org/sleep
23 silly get cb [ 304,
23 silly get   { date: 'Thu, 14 May 2015 13:28:39 GMT',
23 silly get     via: '1.1 varnish',
23 silly get     'cache-control': 'max-age=60',
23 silly get     etag: '"8CHWCM8WTGDTT20DRUI12JGGO"',
23 silly get     age: '0',
23 silly get     connection: 'keep-alive',
23 silly get     'x-served-by': 'cache-fra1239-FRA',
23 silly get     'x-cache': 'MISS',
23 silly get     'x-cache-hits': '0',
23 silly get     'x-timer': 'S1431610119.305940,VS0,VE735',
23 silly get     vary: 'Accept' } ]
24 verbose etag https://registry.npmjs.org/sleep from cache
25 verbose get saving sleep to E:\Users\Jonathan\AppData\Roaming\npm-cache\registry.npmjs.org\sleep\.cache.json
26 silly addNameRange number 2 { name: 'sleep', range: '*', hasData: true }
27 silly addNameRange versions [ 'sleep',
27 silly addNameRange   [ '1.0.0',
27 silly addNameRange     '1.0.1',
27 silly addNameRange     '1.0.2',
27 silly addNameRange     '1.1.0',
27 silly addNameRange     '1.1.1',
27 silly addNameRange     '1.1.2',
27 silly addNameRange     '1.1.3',
27 silly addNameRange     '1.1.4',
27 silly addNameRange     '1.1.5',
27 silly addNameRange     '1.1.6',
27 silly addNameRange     '1.1.7',
27 silly addNameRange     '1.1.8',
27 silly addNameRange     '1.2.0',
27 silly addNameRange     '2.0.0' ] ]
28 verbose addNamed sleep@2.0.0
29 silly addNamed semver.valid 2.0.0
30 silly addNamed semver.validRange 2.0.0
31 silly cache afterAdd sleep@2.0.0
32 verbose afterAdd E:\Users\Jonathan\AppData\Roaming\npm-cache\sleep\2.0.0\package\package.json not in flight; writing
33 verbose afterAdd E:\Users\Jonathan\AppData\Roaming\npm-cache\sleep\2.0.0\package\package.json written
34 silly install resolved [ { name: 'sleep',
34 silly install resolved     version: '2.0.0',
34 silly install resolved     main: 'index.js',
34 silly install resolved     description: 'Add sleep() and usleep() to nodejs',
34 silly install resolved     homepage: 'http://github.com/ErikDubbelboer/node-sleep',
34 silly install resolved     author: { name: 'Erik Dubbelboer', email: 'erik@dubbelboer.com' },
34 silly install resolved     engines: { node: '>=0.4.0' },
34 silly install resolved     keywords: [ 'sleep', 'usleep' ],
34 silly install resolved     repository:
34 silly install resolved      { type: 'git',
34 silly install resolved        url: 'https://github.com/ErikDubbelboer/node-sleep.git' },
34 silly install resolved     dependencies: { nan: '*' },
34 silly install resolved     gypfile: true,
34 silly install resolved     scripts: { install: 'node-gyp rebuild' },
34 silly install resolved     gitHead: '3c850e05250d3ad72499fb0cefc4be13e9ce24d2',
34 silly install resolved     bugs: { url: 'https://github.com/ErikDubbelboer/node-sleep/issues' },
34 silly install resolved     _id: 'sleep@2.0.0',
34 silly install resolved     _shasum: '96d8ef97970ecad464b146ea5e86dd5d6ceb65bc',
34 silly install resolved     _from: 'sleep@*',
34 silly install resolved     _npmVersion: '1.4.28',
34 silly install resolved     _npmUser: { name: 'erikdubbelboer', email: 'erik@dubbelboer.com' },
34 silly install resolved     maintainers: [ [Object] ],
34 silly install resolved     dist:
34 silly install resolved      { shasum: '96d8ef97970ecad464b146ea5e86dd5d6ceb65bc',
34 silly install resolved        tarball: 'http://registry.npmjs.org/sleep/-/sleep-2.0.0.tgz' },
34 silly install resolved     directories: {},
34 silly install resolved     _resolved: 'https://registry.npmjs.org/sleep/-/sleep-2.0.0.tgz',
34 silly install resolved     readme: 'ERROR: No README data found!' } ]
35 info install sleep@2.0.0 into e:\Desktop\Dev\Web\TwitBot
36 info installOne sleep@2.0.0
37 verbose installOne of sleep to e:\Desktop\Dev\Web\TwitBot not in flight; installing
38 verbose lock using E:\Users\Jonathan\AppData\Roaming\npm-cache\_locks\sleep-431b98b752398726.lock for e:\Desktop\Dev\Web\TwitBot\node_modules\sleep
39 silly install write writing sleep 2.0.0 to e:\Desktop\Dev\Web\TwitBot\node_modules\sleep
40 silly cache addNamed cb sleep@2.0.0
41 verbose unbuild node_modules\sleep
42 silly gentlyRm e:\Desktop\Dev\Web\TwitBot\node_modules\sleep is being purged from base e:\Desktop\Dev\Web\TwitBot
43 verbose gentlyRm don't care about contents; nuking e:\Desktop\Dev\Web\TwitBot\node_modules\sleep
44 verbose tar unpack E:\Users\Jonathan\AppData\Roaming\npm-cache\sleep\2.0.0\package.tgz
45 verbose tar unpacking to e:\Desktop\Dev\Web\TwitBot\node_modules\sleep
46 silly gentlyRm e:\Desktop\Dev\Web\TwitBot\node_modules\sleep is being purged
47 verbose gentlyRm don't care about contents; nuking e:\Desktop\Dev\Web\TwitBot\node_modules\sleep
48 silly gunzTarPerm modes [ '777', '666' ]
49 silly gunzTarPerm extractEntry package.json
50 silly gunzTarPerm modified mode [ 'package.json', 436, 438 ]
51 silly gunzTarPerm extractEntry .npmignore
52 silly gunzTarPerm modified mode [ '.npmignore', 436, 438 ]
53 silly gunzTarPerm extractEntry README.md
54 silly gunzTarPerm modified mode [ 'README.md', 436, 438 ]
55 silly gunzTarPerm extractEntry test.js
56 silly gunzTarPerm modified mode [ 'test.js', 436, 438 ]
57 silly gunzTarPerm extractEntry index.js
58 silly gunzTarPerm modified mode [ 'index.js', 436, 438 ]
59 silly gunzTarPerm extractEntry LICENSE.txt
60 silly gunzTarPerm modified mode [ 'LICENSE.txt', 436, 438 ]
61 silly gunzTarPerm extractEntry sleep.cc
62 silly gunzTarPerm modified mode [ 'sleep.cc', 436, 438 ]
63 silly gunzTarPerm extractEntry binding.gyp
64 silly gunzTarPerm modified mode [ 'binding.gyp', 436, 438 ]
65 info preinstall sleep@2.0.0
66 silly prepareForInstallMany adding nan@* from sleep dependencies
67 silly cache add args [ 'nan@*', null ]
68 verbose cache add spec nan@*
69 silly cache add parsed spec { raw: 'nan@*',
69 silly cache add   scope: null,
69 silly cache add   name: 'nan',
69 silly cache add   rawSpec: '*',
69 silly cache add   spec: '*',
69 silly cache add   type: 'range' }
70 verbose addNamed nan@*
71 silly addNamed semver.valid null
72 silly addNamed semver.validRange *
73 silly addNameRange { name: 'nan', range: '*', hasData: false }
74 silly mapToRegistry name nan
75 silly mapToRegistry using default registry
76 silly mapToRegistry registry https://registry.npmjs.org/
77 silly mapToRegistry uri https://registry.npmjs.org/nan
78 verbose addNameRange registry:https://registry.npmjs.org/nan not in flight; fetching
79 verbose request uri https://registry.npmjs.org/nan
80 verbose request no auth needed
81 info attempt registry request try #1 at 15:28:42
82 verbose etag "ABONJ0VTSTD2FL46Q8JL2GIDH"
83 http request GET https://registry.npmjs.org/nan
84 http 304 https://registry.npmjs.org/nan
85 silly get cb [ 304,
85 silly get   { date: 'Thu, 14 May 2015 13:28:40 GMT',
85 silly get     via: '1.1 varnish',
85 silly get     'cache-control': 'max-age=60',
85 silly get     etag: '"ABONJ0VTSTD2FL46Q8JL2GIDH"',
85 silly get     age: '6',
85 silly get     connection: 'keep-alive',
85 silly get     'x-served-by': 'cache-fra1233-FRA',
85 silly get     'x-cache': 'HIT',
85 silly get     'x-cache-hits': '1',
85 silly get     'x-timer': 'S1431610120.338354,VS0,VE0',
85 silly get     vary: 'Accept' } ]
86 verbose etag https://registry.npmjs.org/nan from cache
87 verbose get saving nan to E:\Users\Jonathan\AppData\Roaming\npm-cache\registry.npmjs.org\nan\.cache.json
88 silly addNameRange number 2 { name: 'nan', range: '*', hasData: true }
89 silly addNameRange versions [ 'nan',
89 silly addNameRange   [ '0.3.0-wip',
89 silly addNameRange     '0.3.0-wip2',
89 silly addNameRange     '0.3.0',
89 silly addNameRange     '0.3.1',
89 silly addNameRange     '0.3.2',
89 silly addNameRange     '0.4.0',
89 silly addNameRange     '0.4.1',
89 silly addNameRange     '0.4.2',
89 silly addNameRange     '0.4.3',
89 silly addNameRange     '0.4.4',
89 silly addNameRange     '0.5.0',
89 silly addNameRange     '0.5.1',
89 silly addNameRange     '0.5.2',
89 silly addNameRange     '0.6.0',
89 silly addNameRange     '0.7.0',
89 silly addNameRange     '0.7.1',
89 silly addNameRange     '0.8.0',
89 silly addNameRange     '1.0.0',
89 silly addNameRange     '1.1.0',
89 silly addNameRange     '1.1.1',
89 silly addNameRange     '1.1.2',
89 silly addNameRange     '1.2.0',
89 silly addNameRange     '1.3.0',
89 silly addNameRange     '1.4.0',
89 silly addNameRange     '1.4.1',
89 silly addNameRange     '1.5.0',
89 silly addNameRange     '1.4.2',
89 silly addNameRange     '1.4.3',
89 silly addNameRange     '1.5.1',
89 silly addNameRange     '1.5.2',
89 silly addNameRange     '1.6.0',
89 silly addNameRange     '1.5.3',
89 silly addNameRange     '1.6.1',
89 silly addNameRange     '1.6.2',
89 silly addNameRange     '1.7.0',
89 silly addNameRange     '1.8.0',
89 silly addNameRange     '1.8.1',
89 silly addNameRange     '1.8.2',
89 silly addNameRange     '1.8.3',
89 silly addNameRange     '1.8.4' ] ]
90 verbose addNamed nan@1.8.4
91 silly addNamed semver.valid 1.8.4
92 silly addNamed semver.validRange 1.8.4
93 silly cache afterAdd nan@1.8.4
94 verbose afterAdd E:\Users\Jonathan\AppData\Roaming\npm-cache\nan\1.8.4\package\package.json not in flight; writing
95 verbose afterAdd E:\Users\Jonathan\AppData\Roaming\npm-cache\nan\1.8.4\package\package.json written
96 silly install resolved [ { name: 'nan',
96 silly install resolved     version: '1.8.4',
96 silly install resolved     description: 'Native Abstractions for Node.js: C++ header for Node 0.8->0.12 compatibility',
96 silly install resolved     main: 'include_dirs.js',
96 silly install resolved     repository: { type: 'git', url: 'git://github.com/iojs/nan.git' },
96 silly install resolved     scripts:
96 silly install resolved      { test: 'tap --gc test/js/*-test.js',
96 silly install resolved        'rebuild-tests': 'pangyp rebuild --directory test' },
96 silly install resolved     contributors:
96 silly install resolved      [ [Object],
96 silly install resolved        [Object],
96 silly install resolved        [Object],
96 silly install resolved        [Object],
96 silly install resolved        [Object],
96 silly install resolved        [Object],
96 silly install resolved        [Object] ],
96 silly install resolved     devDependencies:
96 silly install resolved      { bindings: '~1.2.1',
96 silly install resolved        'node-gyp': '~1.0.2',
96 silly install resolved        pangyp: '~2.0.1',
96 silly install resolved        tap: '~0.7.1',
96 silly install resolved        xtend: '~4.0.0' },
96 silly install resolved     license: 'MIT',
96 silly install resolved     gitHead: 'ed3bbf4ced0cf7937b4e4164766797f71aa97f3d',
96 silly install resolved     bugs: { url: 'https://github.com/iojs/nan/issues' },
96 silly install resolved     homepage: 'https://github.com/iojs/nan#readme',
96 silly install resolved     _id: 'nan@1.8.4',
96 silly install resolved     _shasum: '3c76b5382eab33e44b758d2813ca9d92e9342f34',
96 silly install resolved     _from: 'nan@*',
96 silly install resolved     _npmVersion: '2.8.3',
96 silly install resolved     _nodeVersion: '0.12.2',
96 silly install resolved     _npmUser: { name: 'kkoopa', email: 'bbyholm@abo.fi' },
96 silly install resolved     maintainers: [ [Object], [Object] ],
96 silly install resolved     dist:
96 silly install resolved      { shasum: '3c76b5382eab33e44b758d2813ca9d92e9342f34',
96 silly install resolved        tarball: 'http://registry.npmjs.org/nan/-/nan-1.8.4.tgz' },
96 silly install resolved     directories: {},
96 silly install resolved     _resolved: 'https://registry.npmjs.org/nan/-/nan-1.8.4.tgz',
96 silly install resolved     readme: 'ERROR: No README data found!' } ]
97 info install nan@1.8.4 into e:\Desktop\Dev\Web\TwitBot\node_modules\sleep
98 info installOne nan@1.8.4
99 verbose installOne of nan to e:\Desktop\Dev\Web\TwitBot\node_modules\sleep not in flight; installing
100 verbose lock using E:\Users\Jonathan\AppData\Roaming\npm-cache\_locks\nan-88b2278779bc3a34.lock for e:\Desktop\Dev\Web\TwitBot\node_modules\sleep\node_modules\nan
101 silly install write writing nan 1.8.4 to e:\Desktop\Dev\Web\TwitBot\node_modules\sleep\node_modules\nan
102 silly cache addNamed cb nan@1.8.4
103 verbose unbuild node_modules\sleep\node_modules\nan
104 silly gentlyRm e:\Desktop\Dev\Web\TwitBot\node_modules\sleep\node_modules\nan is being purged from base e:\Desktop\Dev\Web\TwitBot
105 verbose gentlyRm don't care about contents; nuking e:\Desktop\Dev\Web\TwitBot\node_modules\sleep\node_modules\nan
106 verbose tar unpack E:\Users\Jonathan\AppData\Roaming\npm-cache\nan\1.8.4\package.tgz
107 verbose tar unpacking to e:\Desktop\Dev\Web\TwitBot\node_modules\sleep\node_modules\nan
108 silly gentlyRm e:\Desktop\Dev\Web\TwitBot\node_modules\sleep\node_modules\nan is being purged
109 verbose gentlyRm don't care about contents; nuking e:\Desktop\Dev\Web\TwitBot\node_modules\sleep\node_modules\nan
110 silly gunzTarPerm modes [ '777', '666' ]
111 silly gunzTarPerm extractEntry package.json
112 silly gunzTarPerm modified mode [ 'package.json', 436, 438 ]
113 silly gunzTarPerm extractEntry README.md
114 silly gunzTarPerm modified mode [ 'README.md', 436, 438 ]
115 silly gunzTarPerm extractEntry include_dirs.js
116 silly gunzTarPerm modified mode [ 'include_dirs.js', 436, 438 ]
117 silly gunzTarPerm extractEntry LICENSE.md
118 silly gunzTarPerm modified mode [ 'LICENSE.md', 436, 438 ]
119 silly gunzTarPerm extractEntry .dntrc
120 silly gunzTarPerm modified mode [ '.dntrc', 436, 438 ]
121 silly gunzTarPerm extractEntry appveyor.yml
122 silly gunzTarPerm modified mode [ 'appveyor.yml', 436, 438 ]
123 silly gunzTarPerm extractEntry nan.h
124 silly gunzTarPerm modified mode [ 'nan.h', 436, 438 ]
125 silly gunzTarPerm extractEntry nan_implementation_12_inl.h
126 silly gunzTarPerm modified mode [ 'nan_implementation_12_inl.h', 436, 438 ]
127 silly gunzTarPerm extractEntry nan_implementation_pre_12_inl.h
128 silly gunzTarPerm modified mode [ 'nan_implementation_pre_12_inl.h', 436, 438 ]
129 silly gunzTarPerm extractEntry nan_new.h
130 silly gunzTarPerm modified mode [ 'nan_new.h', 436, 438 ]
131 silly gunzTarPerm extractEntry nan_string_bytes.h
132 silly gunzTarPerm modified mode [ 'nan_string_bytes.h', 436, 438 ]
133 silly gunzTarPerm extractEntry CHANGELOG.md
134 silly gunzTarPerm modified mode [ 'CHANGELOG.md', 436, 438 ]
135 info preinstall nan@1.8.4
136 silly install resolved []
137 verbose about to build e:\Desktop\Dev\Web\TwitBot\node_modules\sleep\node_modules\nan
138 info build e:\Desktop\Dev\Web\TwitBot\node_modules\sleep\node_modules\nan
139 verbose linkStuff [ false,
139 verbose linkStuff   false,
139 verbose linkStuff   false,
139 verbose linkStuff   'e:\\Desktop\\Dev\\Web\\TwitBot\\node_modules\\sleep\\node_modules' ]
140 info linkStuff nan@1.8.4
141 verbose linkBins nan@1.8.4
142 verbose linkMans nan@1.8.4
143 verbose rebuildBundles nan@1.8.4
144 info install nan@1.8.4
145 info postinstall nan@1.8.4
146 verbose unlock done using E:\Users\Jonathan\AppData\Roaming\npm-cache\_locks\nan-88b2278779bc3a34.lock for e:\Desktop\Dev\Web\TwitBot\node_modules\sleep\node_modules\nan
147 verbose about to build e:\Desktop\Dev\Web\TwitBot\node_modules\sleep
148 info build e:\Desktop\Dev\Web\TwitBot\node_modules\sleep
149 verbose linkStuff [ false,
149 verbose linkStuff   false,
149 verbose linkStuff   false,
149 verbose linkStuff   'e:\\Desktop\\Dev\\Web\\TwitBot\\node_modules' ]
150 info linkStuff sleep@2.0.0
151 verbose linkBins sleep@2.0.0
152 verbose linkMans sleep@2.0.0
153 verbose rebuildBundles sleep@2.0.0
154 verbose rebuildBundles [ 'nan' ]
155 info install sleep@2.0.0
156 verbose unsafe-perm in lifecycle true
157 info sleep@2.0.0 Failed to exec install script
158 verbose unlock done using E:\Users\Jonathan\AppData\Roaming\npm-cache\_locks\sleep-431b98b752398726.lock for e:\Desktop\Dev\Web\TwitBot\node_modules\sleep
159 verbose stack Error: sleep@2.0.0 install: `node-gyp rebuild`
159 verbose stack Exit status 1
159 verbose stack     at EventEmitter.<anonymous> (e:\Desktop\Dev\Web\Tools\NodeJS\node_modules\npm\lib\utils\lifecycle.js:213:16)
159 verbose stack     at EventEmitter.emit (events.js:110:17)
159 verbose stack     at ChildProcess.<anonymous> (e:\Desktop\Dev\Web\Tools\NodeJS\node_modules\npm\lib\utils\spawn.js:14:12)
159 verbose stack     at ChildProcess.emit (events.js:110:17)
159 verbose stack     at maybeClose (child_process.js:1015:16)
159 verbose stack     at Process.ChildProcess._handle.onexit (child_process.js:1087:5)
160 verbose pkgid sleep@2.0.0
161 verbose cwd e:\Desktop\Dev\Web\TwitBot
162 error Windows_NT 6.1.7601
163 error argv "e:\\Desktop\\Dev\\Web\\Tools\\NodeJS\\node.exe" "e:\\Desktop\\Dev\\Web\\Tools\\NodeJS\\node_modules\\npm\\bin\\npm-cli.js" "install" "sleep"
164 error node v0.12.2
165 error npm  v2.7.4
166 error code ELIFECYCLE
167 error sleep@2.0.0 install: `node-gyp rebuild`
167 error Exit status 1
168 error Failed at the sleep@2.0.0 install script 'node-gyp rebuild'.
168 error This is most likely a problem with the sleep package,
168 error not with npm itself.
168 error Tell the author that this fails on your system:
168 error     node-gyp rebuild
168 error You can get their info via:
168 error     npm owner ls sleep
168 error There is likely additional logging output above.
169 verbose exit [ 1, true ]
170 verbose unbuild node_modules\sleep
171 info preuninstall sleep@2.0.0
172 info uninstall sleep@2.0.0
173 verbose unbuild rmStuff sleep@2.0.0 from e:\Desktop\Dev\Web\TwitBot\node_modules
174 info postuninstall sleep@2.0.0
175 silly gentlyRm e:\Desktop\Dev\Web\TwitBot\node_modules\sleep is being purged from base e:\Desktop\Dev\Web\TwitBot
176 verbose gentlyRm don't care about contents; nuking e:\Desktop\Dev\Web\TwitBot\node_modules\sleep
177 silly vacuum-fs purging e:\Desktop\Dev\Web\TwitBot\node_modules\sleep
178 silly vacuum-fs quitting because other entries in e:\Desktop\Dev\Web\TwitBot\node_modules
